<?xml version="1.0" encoding="UTF-8"?>
<!-- Generated by org.testng.reporters.JUnitReportReporter -->
<testsuite hostname="CPX-A9PR29BJFIU" name="runners.testRunner3" tests="1" failures="0" timestamp="27 Jun 2018 11:46:49 GMT" time="17.691" errors="0">
  <testcase name="feature" time="17.691" classname="runners.testRunner3"/>
</testsuite> <!-- runners.testRunner3 -->
